0 info it worked if it ends with ok
1 verbose cli [ 'c:\\Program Files\\nodejs\\node.exe',
1 verbose cli   'c:\\Program Files\\nodejs\\node_modules\\npm\\bin\\npm-cli.js',
1 verbose cli   'install' ]
2 info using npm@3.10.9
3 info using node@v6.9.2
4 silly loadCurrentTree Starting
5 silly install loadCurrentTree
6 silly install readLocalPackageData
7 silly install normalizeTree
8 silly loadCurrentTree Finishing
9 silly loadIdealTree Starting
10 silly install loadIdealTree
11 silly cloneCurrentTree Starting
12 silly install cloneCurrentTreeToIdealTree
13 silly cloneCurrentTree Finishing
14 silly loadShrinkwrap Starting
15 silly install loadShrinkwrap
16 silly loadShrinkwrap Finishing
17 silly loadAllDepsIntoIdealTree Starting
18 silly install loadAllDepsIntoIdealTree
19 silly fetchNamedPackageData bufferutil
20 silly mapToRegistry name bufferutil
21 silly mapToRegistry using default registry
22 silly mapToRegistry registry https://registry.npmjs.org/
23 silly mapToRegistry data Result {
23 silly mapToRegistry   raw: 'bufferutil',
23 silly mapToRegistry   scope: null,
23 silly mapToRegistry   escapedName: 'bufferutil',
23 silly mapToRegistry   name: 'bufferutil',
23 silly mapToRegistry   rawSpec: '',
23 silly mapToRegistry   spec: 'latest',
23 silly mapToRegistry   type: 'tag' }
24 silly mapToRegistry uri https://registry.npmjs.org/bufferutil
25 verbose request uri https://registry.npmjs.org/bufferutil
26 verbose request no auth needed
27 info attempt registry request try #1 at 16:49:43
28 verbose request id 301609157b8de568
29 verbose etag W/"583a8891-250b"
30 verbose lastModified Sun, 27 Nov 2016 07:17:37 GMT
31 http request GET https://registry.npmjs.org/bufferutil
32 http 304 https://registry.npmjs.org/bufferutil
33 verbose headers { date: 'Tue, 27 Dec 2016 15:49:45 GMT',
33 verbose headers   via: '1.1 varnish',
33 verbose headers   'cache-control': 'max-age=300',
33 verbose headers   etag: 'W/"583a8891-250b"',
33 verbose headers   age: '260',
33 verbose headers   connection: 'keep-alive',
33 verbose headers   'x-served-by': 'cache-hhn1537-HHN',
33 verbose headers   'x-cache': 'HIT',
33 verbose headers   'x-cache-hits': '2',
33 verbose headers   'x-timer': 'S1482853785.010726,VS0,VE0',
33 verbose headers   vary: 'Accept-Encoding' }
34 silly get cb [ 304,
34 silly get   { date: 'Tue, 27 Dec 2016 15:49:45 GMT',
34 silly get     via: '1.1 varnish',
34 silly get     'cache-control': 'max-age=300',
34 silly get     etag: 'W/"583a8891-250b"',
34 silly get     age: '260',
34 silly get     connection: 'keep-alive',
34 silly get     'x-served-by': 'cache-hhn1537-HHN',
34 silly get     'x-cache': 'HIT',
34 silly get     'x-cache-hits': '2',
34 silly get     'x-timer': 'S1482853785.010726,VS0,VE0',
34 silly get     vary: 'Accept-Encoding' } ]
35 verbose etag https://registry.npmjs.org/bufferutil from cache
36 verbose get saving bufferutil to C:\Users\Apfelrippchen\AppData\Roaming\npm-cache\registry.npmjs.org\bufferutil\.cache.json
37 verbose correctMkdir C:\Users\Apfelrippchen\AppData\Roaming\npm-cache correctMkdir not in flight; initializing
38 silly resolveWithNewModule bufferutil@1.3.0 checking installable status
39 silly cache add args [ 'bufferutil@^1.3.0', null ]
40 verbose cache add spec bufferutil@^1.3.0
41 silly cache add parsed spec Result {
41 silly cache add   raw: 'bufferutil@^1.3.0',
41 silly cache add   scope: null,
41 silly cache add   escapedName: 'bufferutil',
41 silly cache add   name: 'bufferutil',
41 silly cache add   rawSpec: '^1.3.0',
41 silly cache add   spec: '>=1.3.0 <2.0.0',
41 silly cache add   type: 'range' }
42 silly addNamed bufferutil@>=1.3.0 <2.0.0
43 verbose addNamed ">=1.3.0 <2.0.0" is a valid semver range for bufferutil
44 silly addNameRange { name: 'bufferutil', range: '>=1.3.0 <2.0.0', hasData: false }
45 silly mapToRegistry name bufferutil
46 silly mapToRegistry using default registry
47 silly mapToRegistry registry https://registry.npmjs.org/
48 silly mapToRegistry data Result {
48 silly mapToRegistry   raw: 'bufferutil',
48 silly mapToRegistry   scope: null,
48 silly mapToRegistry   escapedName: 'bufferutil',
48 silly mapToRegistry   name: 'bufferutil',
48 silly mapToRegistry   rawSpec: '',
48 silly mapToRegistry   spec: 'latest',
48 silly mapToRegistry   type: 'tag' }
49 silly mapToRegistry uri https://registry.npmjs.org/bufferutil
50 verbose addNameRange registry:https://registry.npmjs.org/bufferutil not in flight; fetching
51 verbose get https://registry.npmjs.org/bufferutil not expired, no request
52 silly addNameRange number 2 { name: 'bufferutil', range: '>=1.3.0 <2.0.0', hasData: true }
53 silly addNameRange versions [ 'bufferutil',
53 silly addNameRange   [ '1.0.0', '1.0.1', '1.1.0', '1.2.0', '1.2.1', '1.3.0' ] ]
54 silly addNamed bufferutil@1.3.0
55 verbose addNamed "1.3.0" is a plain semver version for bufferutil
56 silly cache afterAdd bufferutil@1.3.0
57 verbose afterAdd C:\Users\Apfelrippchen\AppData\Roaming\npm-cache\bufferutil\1.3.0\package\package.json not in flight; writing
58 verbose correctMkdir C:\Users\Apfelrippchen\AppData\Roaming\npm-cache correctMkdir not in flight; initializing
59 verbose afterAdd C:\Users\Apfelrippchen\AppData\Roaming\npm-cache\bufferutil\1.3.0\package\package.json written
60 silly loadAllDepsIntoIdealTree Finishing
61 silly loadIdealTree Finishing
62 silly currentTree MBC-Ping-Pong@0.1.0
62 silly currentTree +-- accepts@1.3.3
62 silly currentTree +-- acorn@1.2.2
62 silly currentTree +-- after@0.8.2
62 silly currentTree +-- amdefine@1.0.1
62 silly currentTree +-- array-flatten@1.1.1
62 silly currentTree +-- arraybuffer.slice@0.0.6
62 silly currentTree +-- asn1.js@4.9.0
62 silly currentTree +-- assert@1.3.0
62 silly currentTree +-- astw@2.0.0
62 silly currentTree +-- async@0.2.10
62 silly currentTree +-- backo2@1.0.2
62 silly currentTree +-- balanced-match@0.4.2
62 silly currentTree +-- base64-arraybuffer@0.1.5
62 silly currentTree +-- base64-js@0.0.8
62 silly currentTree +-- Base64@0.2.1
62 silly currentTree +-- base64id@1.0.0
62 silly currentTree +-- benchmark@1.0.0
62 silly currentTree +-- better-assert@1.0.2
62 silly currentTree +-- bindings@1.2.1
62 silly currentTree +-- blob@0.0.4
62 silly currentTree +-- bn.js@4.11.6
62 silly currentTree +-- brace-expansion@1.1.6
62 silly currentTree +-- brorand@1.0.6
62 silly currentTree +-- browser-pack@3.2.0
62 silly currentTree | +-- readable-stream@1.0.34
62 silly currentTree | `-- through2@0.5.1
62 silly currentTree +-- browser-resolve@1.11.2
62 silly currentTree | `-- resolve@1.1.7
62 silly currentTree +-- browserify-aes@1.0.6
62 silly currentTree +-- browserify-cipher@1.0.0
62 silly currentTree +-- browserify-des@1.0.0
62 silly currentTree +-- browserify-rsa@4.0.1
62 silly currentTree +-- browserify-sign@4.0.0
62 silly currentTree +-- browserify-zlib@0.1.4
62 silly currentTree +-- browserify@8.1.3
62 silly currentTree +-- buffer-xor@1.0.3
62 silly currentTree +-- buffer@3.6.0
62 silly currentTree | `-- isarray@1.0.0
62 silly currentTree +-- builtins@0.0.7
62 silly currentTree +-- callsite@1.0.0
62 silly currentTree +-- camelcase@1.2.1
62 silly currentTree +-- cipher-base@1.0.3
62 silly currentTree +-- combine-source-map@0.3.0
62 silly currentTree +-- commondir@0.0.1
62 silly currentTree +-- component-bind@1.0.0
62 silly currentTree +-- component-emitter@1.1.2
62 silly currentTree +-- component-inherit@0.0.3
62 silly currentTree +-- concat-map@0.0.1
62 silly currentTree +-- concat-stream@1.4.10
62 silly currentTree +-- console-browserify@1.1.0
62 silly currentTree +-- constants-browserify@0.0.1
62 silly currentTree +-- content-disposition@0.5.1
62 silly currentTree +-- content-type@1.0.2
62 silly currentTree +-- convert-source-map@0.3.5
62 silly currentTree +-- cookie-signature@1.0.6
62 silly currentTree +-- cookie@0.3.1
62 silly currentTree +-- core-util-is@1.0.2
62 silly currentTree +-- create-ecdh@4.0.0
62 silly currentTree +-- create-hash@1.1.2
62 silly currentTree +-- create-hmac@1.1.4
62 silly currentTree +-- crypto-browserify@3.11.0
62 silly currentTree +-- date-now@0.1.4
62 silly currentTree +-- debug@2.2.0
62 silly currentTree +-- decamelize@1.2.0
62 silly currentTree +-- deep-equal@0.2.2
62 silly currentTree +-- defined@0.0.0
62 silly currentTree +-- depd@1.1.0
62 silly currentTree +-- deps-sort@1.3.9
62 silly currentTree | +-- jsonparse@1.2.0
62 silly currentTree | `-- JSONStream@1.2.1
62 silly currentTree +-- des.js@1.0.0
62 silly currentTree +-- destroy@1.0.4
62 silly currentTree +-- detective@4.3.2
62 silly currentTree | +-- acorn@3.3.0
62 silly currentTree | `-- defined@1.0.0
62 silly currentTree +-- diffie-hellman@5.0.2
62 silly currentTree +-- domain-browser@1.1.7
62 silly currentTree +-- duplexer2@0.0.2
62 silly currentTree +-- ee-first@1.1.1
62 silly currentTree +-- elliptic@6.3.2
62 silly currentTree +-- encodeurl@1.0.1
62 silly currentTree +-- engine.io-client@1.8.2
62 silly currentTree | +-- component-emitter@1.2.1
62 silly currentTree | +-- debug@2.3.3
62 silly currentTree | `-- ms@0.7.2
62 silly currentTree +-- engine.io-parser@1.3.2
62 silly currentTree +-- engine.io@1.8.2
62 silly currentTree | +-- debug@2.3.3
62 silly currentTree | `-- ms@0.7.2
62 silly currentTree +-- escape-html@1.0.3
62 silly currentTree +-- etag@1.7.0
62 silly currentTree +-- events@1.0.2
62 silly currentTree +-- evp_bytestokey@1.0.0
62 silly currentTree +-- express@4.14.0
62 silly currentTree +-- extend.js@0.0.1
62 silly currentTree +-- finalhandler@0.5.0
62 silly currentTree +-- forwarded@0.1.0
62 silly currentTree +-- fresh@0.3.0
62 silly currentTree +-- get-browser-rtc@1.0.2
62 silly currentTree +-- glob@4.5.3
62 silly currentTree +-- has-binary@0.1.7
62 silly currentTree +-- has-cors@1.1.0
62 silly currentTree +-- hash.js@1.0.3
62 silly currentTree +-- hat@0.0.3
62 silly currentTree +-- http-browserify@1.7.0
62 silly currentTree +-- http-errors@1.5.1
62 silly currentTree +-- https-browserify@0.0.1
62 silly currentTree +-- ieee754@1.1.8
62 silly currentTree +-- indexof@0.0.1
62 silly currentTree +-- inflight@1.0.6
62 silly currentTree +-- inherits@2.0.3
62 silly currentTree +-- inline-source-map@0.3.1
62 silly currentTree | `-- source-map@0.3.0
62 silly currentTree +-- insert-module-globals@6.6.3
62 silly currentTree | +-- combine-source-map@0.6.1
62 silly currentTree | +-- convert-source-map@1.1.3
62 silly currentTree | +-- inline-source-map@0.5.0
62 silly currentTree | +-- jsonparse@1.2.0
62 silly currentTree | +-- JSONStream@1.2.1
62 silly currentTree | +-- process@0.11.9
62 silly currentTree | +-- source-map@0.4.4
62 silly currentTree | `-- xtend@4.0.1
62 silly currentTree +-- ipaddr.js@1.1.1
62 silly currentTree +-- is-buffer@1.1.4
62 silly currentTree +-- is-typedarray@1.0.0
62 silly currentTree +-- isarray@0.0.1
62 silly currentTree +-- json-stable-stringify@0.0.1
62 silly currentTree +-- json3@3.3.2
62 silly currentTree +-- jsonify@0.0.0
62 silly currentTree +-- jsonparse@0.0.5
62 silly currentTree +-- JSONStream@0.8.4
62 silly currentTree +-- labeled-stream-splicer@1.0.2
62 silly currentTree +-- lexical-scope@1.2.0
62 silly currentTree +-- lodash.memoize@3.0.4
62 silly currentTree +-- media-typer@0.3.0
62 silly currentTree +-- merge-descriptors@1.0.1
62 silly currentTree +-- methods@1.1.2
62 silly currentTree +-- miller-rabin@4.0.0
62 silly currentTree +-- mime-db@1.25.0
62 silly currentTree +-- mime-types@2.1.13
62 silly currentTree +-- mime@1.3.4
62 silly currentTree +-- minimalistic-assert@1.0.0
62 silly currentTree +-- minimatch@2.0.10
62 silly currentTree +-- minimist@1.2.0
62 silly currentTree +-- module-deps@3.9.1
62 silly currentTree | +-- defined@1.0.0
62 silly currentTree | +-- jsonparse@1.2.0
62 silly currentTree | +-- JSONStream@1.2.1
62 silly currentTree | +-- resolve@1.2.0
62 silly currentTree | `-- xtend@4.0.1
62 silly currentTree +-- ms@0.7.1
62 silly currentTree +-- nan@2.4.0
62 silly currentTree +-- negotiator@0.6.1
62 silly currentTree +-- object-assign@4.1.0
62 silly currentTree +-- object-component@0.0.3
62 silly currentTree +-- on-finished@2.3.0
62 silly currentTree +-- once@1.4.0
62 silly currentTree +-- optimist@0.3.7
62 silly currentTree +-- options@0.0.6
62 silly currentTree +-- os-browserify@0.1.2
62 silly currentTree +-- pako@0.2.9
62 silly currentTree +-- parents@1.0.1
62 silly currentTree +-- parse-asn1@5.0.0
62 silly currentTree +-- parsejson@0.0.3
62 silly currentTree +-- parseqs@0.0.5
62 silly currentTree +-- parseuri@0.0.5
62 silly currentTree +-- parseurl@1.3.1
62 silly currentTree +-- path-browserify@0.0.0
62 silly currentTree +-- path-platform@0.11.15
62 silly currentTree +-- path-to-regexp@0.1.7
62 silly currentTree +-- pbkdf2@3.0.9
62 silly currentTree +-- process@0.10.1
62 silly currentTree +-- proxy-addr@1.1.2
62 silly currentTree +-- public-encrypt@4.0.0
62 silly currentTree +-- punycode@1.2.4
62 silly currentTree +-- qs@6.2.0
62 silly currentTree +-- querystring-es3@0.2.1
62 silly currentTree +-- querystring@0.2.0
62 silly currentTree +-- randombytes@2.0.3
62 silly currentTree +-- range-parser@1.2.0
62 silly currentTree +-- readable-stream@1.1.14
62 silly currentTree +-- readable-wrap@1.0.0
62 silly currentTree +-- resolve@0.7.4
62 silly currentTree +-- rfile@1.0.0
62 silly currentTree | `-- resolve@0.3.1
62 silly currentTree +-- ripemd160@1.0.1
62 silly currentTree +-- ruglify@1.0.0
62 silly currentTree | `-- uglify-js@2.2.5
62 silly currentTree +-- send@0.14.1
62 silly currentTree +-- serve-static@1.11.1
62 silly currentTree +-- setprototypeof@1.0.2
62 silly currentTree +-- sha.js@2.4.8
62 silly currentTree +-- shallow-copy@0.0.1
62 silly currentTree +-- shasum@1.0.2
62 silly currentTree +-- shell-quote@0.0.1
62 silly currentTree +-- simple-peer@5.11.9
62 silly currentTree +-- socket.io-adapter@0.5.0
62 silly currentTree | +-- debug@2.3.3
62 silly currentTree | `-- ms@0.7.2
62 silly currentTree +-- socket.io-client@1.7.2
62 silly currentTree | +-- component-emitter@1.2.1
62 silly currentTree | +-- debug@2.3.3
62 silly currentTree | `-- ms@0.7.2
62 silly currentTree +-- socket.io-p2p-parser@2.2.3
62 silly currentTree | +-- debug@0.7.4
62 silly currentTree | `-- json3@3.2.6
62 silly currentTree +-- socket.io-p2p@2.2.0
62 silly currentTree | `-- component-emitter@1.2.1
62 silly currentTree +-- socket.io-parser@2.3.1
62 silly currentTree +-- socket.io@1.7.2
62 silly currentTree | +-- debug@2.3.3
62 silly currentTree | `-- ms@0.7.2
62 silly currentTree +-- source-map@0.1.43
62 silly currentTree +-- statuses@1.3.1
62 silly currentTree +-- stream-browserify@1.0.0
62 silly currentTree +-- stream-combiner2@1.0.2
62 silly currentTree | +-- readable-stream@1.0.34
62 silly currentTree | `-- through2@0.5.1
62 silly currentTree +-- stream-splicer@1.3.2
62 silly currentTree +-- string_decoder@0.10.31
62 silly currentTree +-- subarg@1.0.0
62 silly currentTree +-- syntax-error@1.1.6
62 silly currentTree | `-- acorn@2.7.0
62 silly currentTree +-- through@2.3.8
62 silly currentTree +-- through2@1.1.1
62 silly currentTree | `-- xtend@4.0.1
62 silly currentTree +-- timers-browserify@1.4.2
62 silly currentTree | `-- process@0.11.9
62 silly currentTree +-- to-array@0.1.4
62 silly currentTree +-- tty-browserify@0.0.0
62 silly currentTree +-- type-is@1.6.14
62 silly currentTree +-- typedarray@0.0.6
62 silly currentTree +-- uglify-js@2.4.24
62 silly currentTree | `-- source-map@0.1.34
62 silly currentTree +-- uglify-to-browserify@1.0.2
62 silly currentTree +-- ultron@1.0.2
62 silly currentTree +-- umd@2.1.0
62 silly currentTree +-- unpipe@1.0.0
62 silly currentTree +-- url@0.10.3
62 silly currentTree | `-- punycode@1.3.2
62 silly currentTree +-- utf-8-validate@2.0.0
62 silly currentTree +-- util@0.10.3
62 silly currentTree | `-- inherits@2.0.1
62 silly currentTree +-- utils-merge@1.0.0
62 silly currentTree +-- vary@1.1.0
62 silly currentTree +-- vm-browserify@0.0.4
62 silly currentTree +-- webrtcsupport@2.2.0
62 silly currentTree +-- window-size@0.1.0
62 silly currentTree +-- wordwrap@0.0.3
62 silly currentTree +-- wrappy@1.0.2
62 silly currentTree +-- ws@1.1.1
62 silly currentTree +-- wtf-8@1.0.0
62 silly currentTree +-- xmlhttprequest-ssl@1.5.3
62 silly currentTree +-- xtend@3.0.0
62 silly currentTree +-- yargs@3.5.4
62 silly currentTree | `-- wordwrap@0.0.2
62 silly currentTree `-- yeast@0.1.2
63 silly idealTree MBC-Ping-Pong@0.1.0
63 silly idealTree +-- accepts@1.3.3
63 silly idealTree +-- acorn@1.2.2
63 silly idealTree +-- after@0.8.2
63 silly idealTree +-- amdefine@1.0.1
63 silly idealTree +-- array-flatten@1.1.1
63 silly idealTree +-- arraybuffer.slice@0.0.6
63 silly idealTree +-- asn1.js@4.9.0
63 silly idealTree +-- assert@1.3.0
63 silly idealTree +-- astw@2.0.0
63 silly idealTree +-- async@0.2.10
63 silly idealTree +-- backo2@1.0.2
63 silly idealTree +-- balanced-match@0.4.2
63 silly idealTree +-- base64-arraybuffer@0.1.5
63 silly idealTree +-- base64-js@0.0.8
63 silly idealTree +-- Base64@0.2.1
63 silly idealTree +-- base64id@1.0.0
63 silly idealTree +-- benchmark@1.0.0
63 silly idealTree +-- better-assert@1.0.2
63 silly idealTree +-- bindings@1.2.1
63 silly idealTree +-- blob@0.0.4
63 silly idealTree +-- bn.js@4.11.6
63 silly idealTree +-- brace-expansion@1.1.6
63 silly idealTree +-- brorand@1.0.6
63 silly idealTree +-- browser-pack@3.2.0
63 silly idealTree | +-- readable-stream@1.0.34
63 silly idealTree | `-- through2@0.5.1
63 silly idealTree +-- browser-resolve@1.11.2
63 silly idealTree | `-- resolve@1.1.7
63 silly idealTree +-- browserify-aes@1.0.6
63 silly idealTree +-- browserify-cipher@1.0.0
63 silly idealTree +-- browserify-des@1.0.0
63 silly idealTree +-- browserify-rsa@4.0.1
63 silly idealTree +-- browserify-sign@4.0.0
63 silly idealTree +-- browserify-zlib@0.1.4
63 silly idealTree +-- browserify@8.1.3
63 silly idealTree +-- buffer-xor@1.0.3
63 silly idealTree +-- buffer@3.6.0
63 silly idealTree | `-- isarray@1.0.0
63 silly idealTree +-- bufferutil@1.3.0
63 silly idealTree +-- builtins@0.0.7
63 silly idealTree +-- callsite@1.0.0
63 silly idealTree +-- camelcase@1.2.1
63 silly idealTree +-- cipher-base@1.0.3
63 silly idealTree +-- combine-source-map@0.3.0
63 silly idealTree +-- commondir@0.0.1
63 silly idealTree +-- component-bind@1.0.0
63 silly idealTree +-- component-emitter@1.1.2
63 silly idealTree +-- component-inherit@0.0.3
63 silly idealTree +-- concat-map@0.0.1
63 silly idealTree +-- concat-stream@1.4.10
63 silly idealTree +-- console-browserify@1.1.0
63 silly idealTree +-- constants-browserify@0.0.1
63 silly idealTree +-- content-disposition@0.5.1
63 silly idealTree +-- content-type@1.0.2
63 silly idealTree +-- convert-source-map@0.3.5
63 silly idealTree +-- cookie-signature@1.0.6
63 silly idealTree +-- cookie@0.3.1
63 silly idealTree +-- core-util-is@1.0.2
63 silly idealTree +-- create-ecdh@4.0.0
63 silly idealTree +-- create-hash@1.1.2
63 silly idealTree +-- create-hmac@1.1.4
63 silly idealTree +-- crypto-browserify@3.11.0
63 silly idealTree +-- date-now@0.1.4
63 silly idealTree +-- debug@2.2.0
63 silly idealTree +-- decamelize@1.2.0
63 silly idealTree +-- deep-equal@0.2.2
63 silly idealTree +-- defined@0.0.0
63 silly idealTree +-- depd@1.1.0
63 silly idealTree +-- deps-sort@1.3.9
63 silly idealTree | +-- jsonparse@1.2.0
63 silly idealTree | `-- JSONStream@1.2.1
63 silly idealTree +-- des.js@1.0.0
63 silly idealTree +-- destroy@1.0.4
63 silly idealTree +-- detective@4.3.2
63 silly idealTree | +-- acorn@3.3.0
63 silly idealTree | `-- defined@1.0.0
63 silly idealTree +-- diffie-hellman@5.0.2
63 silly idealTree +-- domain-browser@1.1.7
63 silly idealTree +-- duplexer2@0.0.2
63 silly idealTree +-- ee-first@1.1.1
63 silly idealTree +-- elliptic@6.3.2
63 silly idealTree +-- encodeurl@1.0.1
63 silly idealTree +-- engine.io-client@1.8.2
63 silly idealTree | +-- component-emitter@1.2.1
63 silly idealTree | +-- debug@2.3.3
63 silly idealTree | `-- ms@0.7.2
63 silly idealTree +-- engine.io-parser@1.3.2
63 silly idealTree +-- engine.io@1.8.2
63 silly idealTree | +-- debug@2.3.3
63 silly idealTree | `-- ms@0.7.2
63 silly idealTree +-- escape-html@1.0.3
63 silly idealTree +-- etag@1.7.0
63 silly idealTree +-- events@1.0.2
63 silly idealTree +-- evp_bytestokey@1.0.0
63 silly idealTree +-- express@4.14.0
63 silly idealTree +-- extend.js@0.0.1
63 silly idealTree +-- finalhandler@0.5.0
63 silly idealTree +-- forwarded@0.1.0
63 silly idealTree +-- fresh@0.3.0
63 silly idealTree +-- get-browser-rtc@1.0.2
63 silly idealTree +-- glob@4.5.3
63 silly idealTree +-- has-binary@0.1.7
63 silly idealTree +-- has-cors@1.1.0
63 silly idealTree +-- hash.js@1.0.3
63 silly idealTree +-- hat@0.0.3
63 silly idealTree +-- http-browserify@1.7.0
63 silly idealTree +-- http-errors@1.5.1
63 silly idealTree +-- https-browserify@0.0.1
63 silly idealTree +-- ieee754@1.1.8
63 silly idealTree +-- indexof@0.0.1
63 silly idealTree +-- inflight@1.0.6
63 silly idealTree +-- inherits@2.0.3
63 silly idealTree +-- inline-source-map@0.3.1
63 silly idealTree | `-- source-map@0.3.0
63 silly idealTree +-- insert-module-globals@6.6.3
63 silly idealTree | +-- combine-source-map@0.6.1
63 silly idealTree | +-- convert-source-map@1.1.3
63 silly idealTree | +-- inline-source-map@0.5.0
63 silly idealTree | +-- jsonparse@1.2.0
63 silly idealTree | +-- JSONStream@1.2.1
63 silly idealTree | +-- process@0.11.9
63 silly idealTree | +-- source-map@0.4.4
63 silly idealTree | `-- xtend@4.0.1
63 silly idealTree +-- ipaddr.js@1.1.1
63 silly idealTree +-- is-buffer@1.1.4
63 silly idealTree +-- is-typedarray@1.0.0
63 silly idealTree +-- isarray@0.0.1
63 silly idealTree +-- json-stable-stringify@0.0.1
63 silly idealTree +-- json3@3.3.2
63 silly idealTree +-- jsonify@0.0.0
63 silly idealTree +-- jsonparse@0.0.5
63 silly idealTree +-- JSONStream@0.8.4
63 silly idealTree +-- labeled-stream-splicer@1.0.2
63 silly idealTree +-- lexical-scope@1.2.0
63 silly idealTree +-- lodash.memoize@3.0.4
63 silly idealTree +-- media-typer@0.3.0
63 silly idealTree +-- merge-descriptors@1.0.1
63 silly idealTree +-- methods@1.1.2
63 silly idealTree +-- miller-rabin@4.0.0
63 silly idealTree +-- mime-db@1.25.0
63 silly idealTree +-- mime-types@2.1.13
63 silly idealTree +-- mime@1.3.4
63 silly idealTree +-- minimalistic-assert@1.0.0
63 silly idealTree +-- minimatch@2.0.10
63 silly idealTree +-- minimist@1.2.0
63 silly idealTree +-- module-deps@3.9.1
63 silly idealTree | +-- defined@1.0.0
63 silly idealTree | +-- jsonparse@1.2.0
63 silly idealTree | +-- JSONStream@1.2.1
63 silly idealTree | +-- resolve@1.2.0
63 silly idealTree | `-- xtend@4.0.1
63 silly idealTree +-- ms@0.7.1
63 silly idealTree +-- nan@2.4.0
63 silly idealTree +-- negotiator@0.6.1
63 silly idealTree +-- object-assign@4.1.0
63 silly idealTree +-- object-component@0.0.3
63 silly idealTree +-- on-finished@2.3.0
63 silly idealTree +-- once@1.4.0
63 silly idealTree +-- optimist@0.3.7
63 silly idealTree +-- options@0.0.6
63 silly idealTree +-- os-browserify@0.1.2
63 silly idealTree +-- pako@0.2.9
63 silly idealTree +-- parents@1.0.1
63 silly idealTree +-- parse-asn1@5.0.0
63 silly idealTree +-- parsejson@0.0.3
63 silly idealTree +-- parseqs@0.0.5
63 silly idealTree +-- parseuri@0.0.5
63 silly idealTree +-- parseurl@1.3.1
63 silly idealTree +-- path-browserify@0.0.0
63 silly idealTree +-- path-platform@0.11.15
63 silly idealTree +-- path-to-regexp@0.1.7
63 silly idealTree +-- pbkdf2@3.0.9
63 silly idealTree +-- process@0.10.1
63 silly idealTree +-- proxy-addr@1.1.2
63 silly idealTree +-- public-encrypt@4.0.0
63 silly idealTree +-- punycode@1.2.4
63 silly idealTree +-- qs@6.2.0
63 silly idealTree +-- querystring-es3@0.2.1
63 silly idealTree +-- querystring@0.2.0
63 silly idealTree +-- randombytes@2.0.3
63 silly idealTree +-- range-parser@1.2.0
63 silly idealTree +-- readable-stream@1.1.14
63 silly idealTree +-- readable-wrap@1.0.0
63 silly idealTree +-- resolve@0.7.4
63 silly idealTree +-- rfile@1.0.0
63 silly idealTree | `-- resolve@0.3.1
63 silly idealTree +-- ripemd160@1.0.1
63 silly idealTree +-- ruglify@1.0.0
63 silly idealTree | `-- uglify-js@2.2.5
63 silly idealTree +-- send@0.14.1
63 silly idealTree +-- serve-static@1.11.1
63 silly idealTree +-- setprototypeof@1.0.2
63 silly idealTree +-- sha.js@2.4.8
63 silly idealTree +-- shallow-copy@0.0.1
63 silly idealTree +-- shasum@1.0.2
63 silly idealTree +-- shell-quote@0.0.1
63 silly idealTree +-- simple-peer@5.11.9
63 silly idealTree +-- socket.io-adapter@0.5.0
63 silly idealTree | +-- debug@2.3.3
63 silly idealTree | `-- ms@0.7.2
63 silly idealTree +-- socket.io-client@1.7.2
63 silly idealTree | +-- component-emitter@1.2.1
63 silly idealTree | +-- debug@2.3.3
63 silly idealTree | `-- ms@0.7.2
63 silly idealTree +-- socket.io-p2p-parser@2.2.3
63 silly idealTree | +-- debug@0.7.4
63 silly idealTree | `-- json3@3.2.6
63 silly idealTree +-- socket.io-p2p@2.2.0
63 silly idealTree | `-- component-emitter@1.2.1
63 silly idealTree +-- socket.io-parser@2.3.1
63 silly idealTree +-- socket.io@1.7.2
63 silly idealTree | +-- debug@2.3.3
63 silly idealTree | `-- ms@0.7.2
63 silly idealTree +-- source-map@0.1.43
63 silly idealTree +-- statuses@1.3.1
63 silly idealTree +-- stream-browserify@1.0.0
63 silly idealTree +-- stream-combiner2@1.0.2
63 silly idealTree | +-- readable-stream@1.0.34
63 silly idealTree | `-- through2@0.5.1
63 silly idealTree +-- stream-splicer@1.3.2
63 silly idealTree +-- string_decoder@0.10.31
63 silly idealTree +-- subarg@1.0.0
63 silly idealTree +-- syntax-error@1.1.6
63 silly idealTree | `-- acorn@2.7.0
63 silly idealTree +-- through@2.3.8
63 silly idealTree +-- through2@1.1.1
63 silly idealTree | `-- xtend@4.0.1
63 silly idealTree +-- timers-browserify@1.4.2
63 silly idealTree | `-- process@0.11.9
63 silly idealTree +-- to-array@0.1.4
63 silly idealTree +-- tty-browserify@0.0.0
63 silly idealTree +-- type-is@1.6.14
63 silly idealTree +-- typedarray@0.0.6
63 silly idealTree +-- uglify-js@2.4.24
63 silly idealTree | `-- source-map@0.1.34
63 silly idealTree +-- uglify-to-browserify@1.0.2
63 silly idealTree +-- ultron@1.0.2
63 silly idealTree +-- umd@2.1.0
63 silly idealTree +-- unpipe@1.0.0
63 silly idealTree +-- url@0.10.3
63 silly idealTree | `-- punycode@1.3.2
63 silly idealTree +-- utf-8-validate@2.0.0
63 silly idealTree +-- util@0.10.3
63 silly idealTree | `-- inherits@2.0.1
63 silly idealTree +-- utils-merge@1.0.0
63 silly idealTree +-- vary@1.1.0
63 silly idealTree +-- vm-browserify@0.0.4
63 silly idealTree +-- webrtcsupport@2.2.0
63 silly idealTree +-- window-size@0.1.0
63 silly idealTree +-- wordwrap@0.0.3
63 silly idealTree +-- wrappy@1.0.2
63 silly idealTree +-- ws@1.1.1
63 silly idealTree +-- wtf-8@1.0.0
63 silly idealTree +-- xmlhttprequest-ssl@1.5.3
63 silly idealTree +-- xtend@3.0.0
63 silly idealTree +-- yargs@3.5.4
63 silly idealTree | `-- wordwrap@0.0.2
63 silly idealTree `-- yeast@0.1.2
64 silly generateActionsToTake Starting
65 silly install generateActionsToTake
66 silly generateActionsToTake Finishing
67 silly diffTrees action count 1
68 silly diffTrees add bufferutil@1.3.0
69 silly decomposeActions action count 8
70 silly decomposeActions fetch bufferutil@1.3.0
71 silly decomposeActions extract bufferutil@1.3.0
72 silly decomposeActions test bufferutil@1.3.0
73 silly decomposeActions preinstall bufferutil@1.3.0
74 silly decomposeActions build bufferutil@1.3.0
75 silly decomposeActions install bufferutil@1.3.0
76 silly decomposeActions postinstall bufferutil@1.3.0
77 silly decomposeActions finalize bufferutil@1.3.0
78 silly runTopLevelLifecycles Starting
79 silly install runPreinstallTopLevelLifecycles
80 silly preinstall MBC-Ping-Pong@0.1.0 e:\UNI\FS5\MBC\MBC-Ping-Pong\src\MBC-Ping-Pong-b505d079
81 info lifecycle MBC-Ping-Pong@0.1.0~preinstall: MBC-Ping-Pong@0.1.0
82 silly lifecycle MBC-Ping-Pong@0.1.0~preinstall: no script for preinstall, continuing
83 silly executeActions Starting
84 silly install executeActions
85 silly doSerial global-install 0
86 silly doParallel fetch 1
87 verbose correctMkdir C:\Users\Apfelrippchen\AppData\Roaming\npm-cache\_locks correctMkdir not in flight; initializing
88 verbose lock using C:\Users\Apfelrippchen\AppData\Roaming\npm-cache\_locks\staging-c79c22f021de8bce.lock for e:\UNI\FS5\MBC\MBC-Ping-Pong\src\node_modules\.staging
89 silly doParallel extract 1
90 silly extract bufferutil@1.3.0
91 verbose unbuild node_modules\.staging\bufferutil-af3a1ef9
92 silly gentlyRm e:\UNI\FS5\MBC\MBC-Ping-Pong\src\node_modules\.staging\bufferutil-af3a1ef9 is being purged from base e:\UNI\FS5\MBC\MBC-Ping-Pong\src
93 verbose gentlyRm don't care about contents; nuking e:\UNI\FS5\MBC\MBC-Ping-Pong\src\node_modules\.staging\bufferutil-af3a1ef9
94 verbose tar unpack C:\Users\Apfelrippchen\AppData\Roaming\npm-cache\bufferutil\1.3.0\package.tgz
95 verbose tar unpacking to e:\UNI\FS5\MBC\MBC-Ping-Pong\src\node_modules\.staging\bufferutil-af3a1ef9
96 silly gentlyRm e:\UNI\FS5\MBC\MBC-Ping-Pong\src\node_modules\.staging\bufferutil-af3a1ef9 is being purged
97 verbose gentlyRm don't care about contents; nuking e:\UNI\FS5\MBC\MBC-Ping-Pong\src\node_modules\.staging\bufferutil-af3a1ef9
98 silly gunzTarPerm modes [ '777', '666' ]
99 silly gunzTarPerm extractEntry package.json
100 silly gunzTarPerm modified mode [ 'package.json', 420, 438 ]
101 silly gunzTarPerm extractEntry README.md
102 silly gunzTarPerm modified mode [ 'README.md', 420, 438 ]
103 silly gunzTarPerm extractEntry LICENSE
104 silly gunzTarPerm modified mode [ 'LICENSE', 420, 438 ]
105 silly gunzTarPerm extractEntry fallback.js
106 silly gunzTarPerm modified mode [ 'fallback.js', 420, 438 ]
107 silly gunzTarPerm extractEntry index.js
108 silly gunzTarPerm modified mode [ 'index.js', 420, 438 ]
109 silly gunzTarPerm extractEntry binding.gyp
110 silly gunzTarPerm modified mode [ 'binding.gyp', 420, 438 ]
111 silly gunzTarPerm extractEntry src/bufferutil.cc
112 silly gunzTarPerm modified mode [ 'src/bufferutil.cc', 420, 438 ]
113 silly gentlyRm e:\UNI\FS5\MBC\MBC-Ping-Pong\src\node_modules\.staging\bufferutil-af3a1ef9\node_modules is being purged
114 verbose gentlyRm don't care about contents; nuking e:\UNI\FS5\MBC\MBC-Ping-Pong\src\node_modules\.staging\bufferutil-af3a1ef9\node_modules
115 silly doParallel preinstall 1
116 silly preinstall bufferutil@1.3.0 e:\UNI\FS5\MBC\MBC-Ping-Pong\src\node_modules\.staging\bufferutil-af3a1ef9
117 info lifecycle bufferutil@1.3.0~preinstall: bufferutil@1.3.0
118 silly lifecycle bufferutil@1.3.0~preinstall: no script for preinstall, continuing
119 silly doReverseSerial remove 0
120 silly doSerial move 0
121 silly doSerial finalize 1
122 silly finalize e:\UNI\FS5\MBC\MBC-Ping-Pong\src\node_modules\bufferutil
123 silly doSerial build 1
124 silly build bufferutil@1.3.0
125 info linkStuff bufferutil@1.3.0
126 silly linkStuff bufferutil@1.3.0 has e:\UNI\FS5\MBC\MBC-Ping-Pong\src\node_modules as its parent node_modules
127 verbose linkBins bufferutil@1.3.0
128 verbose linkMans bufferutil@1.3.0
129 silly doSerial global-link 0
130 silly doParallel update-linked 0
131 silly doSerial install 1
132 silly install bufferutil@1.3.0 e:\UNI\FS5\MBC\MBC-Ping-Pong\src\node_modules\.staging\bufferutil-af3a1ef9
133 info lifecycle bufferutil@1.3.0~install: bufferutil@1.3.0
134 verbose lifecycle bufferutil@1.3.0~install: unsafe-perm in lifecycle true
135 verbose lifecycle bufferutil@1.3.0~install: PATH: c:\Program Files\nodejs\node_modules\npm\bin\node-gyp-bin;e:\UNI\FS5\MBC\MBC-Ping-Pong\src\node_modules\bufferutil\node_modules\.bin;e:\UNI\FS5\MBC\MBC-Ping-Pong\src\node_modules\.bin;c:\Users\Apfelrippchen\bin;.;E:\Anwendungen\Git\local\bin;E:\Anwendungen\Git\mingw\bin;E:\Anwendungen\Git\bin;c:\Program Files\Docker\Docker\Resources\bin;c:\ProgramData\Oracle\Java\javapath;c:\WINDOWS\system32;c:\WINDOWS;c:\WINDOWS\System32\Wbem;c:\WINDOWS\System32\WindowsPowerShell\v1.0\;c:\Program Files (x86)\ATI Technologies\ATI.ACE\Core-Static;e:\Anwendungen\Grafik\ATI.ACE\Core-Static;e:\Anwendungen\wamp\bin\php\php5.5.12;c:\ProgramData\ComposerSetup\bin;c:\Program Files (x86)\AMD\ATI.ACE\Core-Static;c:\Program Files (x86)\Windows Live\Shared;e:\Anwendungen\LaTeX\miktex\bin\x64\;e:\Anwendungen\Matlab\runtime\win64;e:\Anwendungen\Matlab\bin;c:\Program Files (x86)\NVIDIA Corporation\PhysX\Common;c:\Program Files (x86)\Gource\cmd;c:\WINDOWS\system32;c:\WINDOWS;c:\WINDOWS\System32\Wbem;c:\WINDOWS\System32\WindowsPowerShell\v1.0\;c:\Program Files (x86)\GtkSharp\2.12\bin;c:\Program Files\Microsoft SQL Server\130\Tools\Binn\;f\NODEJS\;c:\Program Files (x86)\Skype\Phone\;c:\Program Files\nodejs\;c:\ProgramData\Oracle\Java\javapath;c:\WINDOWS\system32;c:\WINDOWS;c:\WINDOWS\System32\Wbem;c:\WINDOWS\System32\WindowsPowerShell\v1.0\;c:\Program Files (x86)\ATI Technologies\ATI.ACE\Core-Static;e:\Anwendungen\Grafik\ATI.ACE\Core-Static;e:\Anwendungen\wamp\bin\php\php5.5.12;c:\ProgramData\ComposerSetup\bin;c:\Program Files (x86)\AMD\ATI.ACE\Core-Static;c:\Program Files (x86)\Windows Live\Shared;e:\Anwendungen\LaTeX\miktex\bin\x64\;e:\Anwendungen\Matlab\runtime\win64;e:\Anwendungen\Matlab\bin;c:\Program Files (x86)\NVIDIA Corporation\PhysX\Common;c:\Program Files (x86)\Gource\cmd;c:\WINDOWS\system32;c:\WINDOWS;c:\WINDOWS\System32\Wbem;c:\WINDOWS\System32\WindowsPowerShell\v1.0\;c:\Program Files (x86)\GtkSharp\2.12\bin;c:\Program Files\Microsoft SQL Server\130\Tools\Binn\;f\NODEJS\;c:\ProgramData\Oracle\Java\javapath;c:\WINDOWS\system32;c:\WINDOWS;c:\WINDOWS\System32\Wbem;c:\WINDOWS\System32\WindowsPowerShell\v1.0\;c:\Program Files (x86)\ATI Technologies\ATI.ACE\Core-Static;e:\Anwendungen\Grafik\ATI.ACE\Core-;e:\Anwendungen\texlive\2016\bin\win32;c:\Users\Apfelrippchen\AppData\Roaming\npm
136 verbose lifecycle bufferutil@1.3.0~install: CWD: e:\UNI\FS5\MBC\MBC-Ping-Pong\src\node_modules\bufferutil
137 silly lifecycle bufferutil@1.3.0~install: Args: [ '/d /s /c', 'node-gyp rebuild' ]
138 silly lifecycle bufferutil@1.3.0~install: Returned: code: 1  signal: null
139 info lifecycle bufferutil@1.3.0~install: Failed to exec install script
140 verbose unlock done using C:\Users\Apfelrippchen\AppData\Roaming\npm-cache\_locks\staging-c79c22f021de8bce.lock for e:\UNI\FS5\MBC\MBC-Ping-Pong\src\node_modules\.staging
141 silly rollbackFailedOptional Starting
142 silly rollbackFailedOptional Finishing
143 silly runTopLevelLifecycles Finishing
144 silly install printInstalled
145 verbose stack Error: bufferutil@1.3.0 install: `node-gyp rebuild`
145 verbose stack Exit status 1
145 verbose stack     at EventEmitter.<anonymous> (c:\Program Files\nodejs\node_modules\npm\lib\utils\lifecycle.js:255:16)
145 verbose stack     at emitTwo (events.js:106:13)
145 verbose stack     at EventEmitter.emit (events.js:191:7)
145 verbose stack     at ChildProcess.<anonymous> (c:\Program Files\nodejs\node_modules\npm\lib\utils\spawn.js:40:14)
145 verbose stack     at emitTwo (events.js:106:13)
145 verbose stack     at ChildProcess.emit (events.js:191:7)
145 verbose stack     at maybeClose (internal/child_process.js:877:16)
145 verbose stack     at Process.ChildProcess._handle.onexit (internal/child_process.js:226:5)
146 verbose pkgid bufferutil@1.3.0
147 verbose cwd e:\UNI\FS5\MBC\MBC-Ping-Pong\src
148 error Windows_NT 10.0.14393
149 error argv "c:\\Program Files\\nodejs\\node.exe" "c:\\Program Files\\nodejs\\node_modules\\npm\\bin\\npm-cli.js" "install"
150 error node v6.9.2
151 error npm  v3.10.9
152 error code ELIFECYCLE
153 error bufferutil@1.3.0 install: `node-gyp rebuild`
153 error Exit status 1
154 error Failed at the bufferutil@1.3.0 install script 'node-gyp rebuild'.
154 error Make sure you have the latest version of node.js and npm installed.
154 error If you do, this is most likely a problem with the bufferutil package,
154 error not with npm itself.
154 error Tell the author that this fails on your system:
154 error     node-gyp rebuild
154 error You can get information on how to open an issue for this project with:
154 error     npm bugs bufferutil
154 error Or if that isn't available, you can get their info via:
154 error     npm owner ls bufferutil
154 error There is likely additional logging output above.
155 verbose exit [ 1, true ]
